app/build/intermediates/manifest_merge_blame_file/debug/manifest-merger-blame-debug-report.txt
1<?xml version="1.0" encoding="utf-8"?>
2<manifest xmlns:android="http://schemas.android.com/apk/res/android"
3    package="com.secux.secuxpaymentkitsample"
4    android:versionCode="1"
5    android:versionName="1.0" >
6
7    <uses-sdk
8        android:minSdkVersion="26"
8-->src\main\AndroidManifest.xml
9        android:targetSdkVersion="29" />
9-->src\main\AndroidManifest.xml
10
11    <uses-permission android:name="android.permission.BLUETOOTH" />
11-->src\main\AndroidManifest.xml:5:5-68
11-->src\main\AndroidManifest.xml:5:22-65
12    <uses-permission android:name="android.permission.BLUETOOTH_ADMIN" />
12-->src\main\AndroidManifest.xml:6:5-74
12-->src\main\AndroidManifest.xml:6:22-71
13    <uses-permission android:name="android.permission.INTERNET" />
13-->src\main\AndroidManifest.xml:7:5-67
13-->src\main\AndroidManifest.xml:7:22-64
14    <uses-permission android:name="android.permission.ACCESS_COARSE_LOCATION" />
14-->src\main\AndroidManifest.xml:8:5-81
14-->src\main\AndroidManifest.xml:8:22-78
15    <uses-permission android:name="android.permission.ACCESS_FINE_LOCATION" />
15-->src\main\AndroidManifest.xml:9:5-79
15-->src\main\AndroidManifest.xml:9:22-76
16    <uses-permission android:name="android.permission.CAMERA" />
16-->src\main\AndroidManifest.xml:10:5-65
16-->src\main\AndroidManifest.xml:10:22-62
17
18    <uses-feature android:name="android.hardware.camera" />
18-->src\main\AndroidManifest.xml:12:5-60
18-->src\main\AndroidManifest.xml:12:19-57
19    <uses-feature
19-->[com.github.secuxtech:secux-paymentdevicekit-v2-android:2.1.13] AndroidManifest.xml:15:5-17:35
20        android:name="android.hardware.bluetooth_le"
20-->[com.github.secuxtech:secux-paymentdevicekit-v2-android:2.1.13] AndroidManifest.xml:16:9-53
21        android:required="true" />
21-->[com.github.secuxtech:secux-paymentdevicekit-v2-android:2.1.13] AndroidManifest.xml:17:9-32
22
23    <uses-permission android:name="android.permission.FLASHLIGHT" />
23-->[cn.bingoogolapple:bga-qrcode-core:1.3.7] AndroidManifest.xml:10:5-69
23-->[cn.bingoogolapple:bga-qrcode-core:1.3.7] AndroidManifest.xml:10:22-66
24
25    <uses-feature
25-->[cn.bingoogolapple:bga-qrcode-core:1.3.7] AndroidManifest.xml:12:5-14:36
26        android:name="android.hardware.camera.autofocus"
26-->[cn.bingoogolapple:bga-qrcode-core:1.3.7] AndroidManifest.xml:13:9-57
27        android:required="false" />
27-->[cn.bingoogolapple:bga-qrcode-core:1.3.7] AndroidManifest.xml:14:9-33
28    <uses-feature
28-->[cn.bingoogolapple:bga-qrcode-core:1.3.7] AndroidManifest.xml:15:5-17:36
29        android:name="android.hardware.camera.flash"
29-->[cn.bingoogolapple:bga-qrcode-core:1.3.7] AndroidManifest.xml:16:9-53
30        android:required="false" />
30-->[cn.bingoogolapple:bga-qrcode-core:1.3.7] AndroidManifest.xml:17:9-33
31
32    <application
32-->src\main\AndroidManifest.xml:15:5-30:19
33        android:allowBackup="true"
33-->src\main\AndroidManifest.xml:16:9-35
34        android:appComponentFactory="androidx.core.app.CoreComponentFactory"
34-->[androidx.core:core:1.3.0] AndroidManifest.xml:24:18-86
35        android:debuggable="true"
36        android:extractNativeLibs="false"
37        android:icon="@mipmap/ic_launcher"
37-->src\main\AndroidManifest.xml:17:9-43
38        android:label="@string/app_name"
38-->src\main\AndroidManifest.xml:18:9-41
39        android:roundIcon="@mipmap/ic_launcher"
39-->src\main\AndroidManifest.xml:19:9-48
40        android:supportsRtl="true"
40-->src\main\AndroidManifest.xml:20:9-35
41        android:testOnly="true"
42        android:theme="@style/Theme.AppCompat.Light.NoActionBar" >
42-->src\main\AndroidManifest.xml:21:9-65
43        <activity android:name="com.secux.secuxpaymentkitsample.ScanQRCodeActivity" />
43-->src\main\AndroidManifest.xml:22:9-65
43-->src\main\AndroidManifest.xml:22:19-53
44        <activity android:name="com.secux.secuxpaymentkitsample.MainActivity" >
44-->src\main\AndroidManifest.xml:23:9-29:20
44-->src\main\AndroidManifest.xml:23:19-47
45            <intent-filter>
45-->src\main\AndroidManifest.xml:24:13-28:29
46                <action android:name="android.intent.action.MAIN" />
46-->src\main\AndroidManifest.xml:25:17-69
46-->src\main\AndroidManifest.xml:25:25-66
47
48                <category android:name="android.intent.category.LAUNCHER" />
48-->src\main\AndroidManifest.xml:27:17-77
48-->src\main\AndroidManifest.xml:27:27-74
49            </intent-filter>
50        </activity>
51        <activity
51-->[pub.devrel:easypermissions:3.0.0] AndroidManifest.xml:12:9-16:66
52            android:name="pub.devrel.easypermissions.AppSettingsDialogHolderActivity"
52-->[pub.devrel:easypermissions:3.0.0] AndroidManifest.xml:13:13-86
53            android:exported="false"
53-->[pub.devrel:easypermissions:3.0.0] AndroidManifest.xml:14:13-37
54            android:label=""
54-->[pub.devrel:easypermissions:3.0.0] AndroidManifest.xml:15:13-29
55            android:theme="@style/EasyPermissions.Transparent" />
55-->[pub.devrel:easypermissions:3.0.0] AndroidManifest.xml:16:13-63
56    </application>
57
58</manifest>